2018-10-05 21:56:03.291+0000 WARN [o.n.i.p.PageCache] The dbms.memory.pagecache.size setting has not been configured. It is recommended that this setting is always explicitly configured, to ensure the system has a balanced configuration. Until then, a computed heuristic value of 13089644544 bytes will be used instead. Run `neo4j-admin memrec` for memory configuration suggestions.
2018-10-05 21:56:03.653+0000 INFO [o.n.k.i.f.CommunityEditionModule] No locking implementation specified, defaulting to 'community'
2018-10-05 21:56:03.819+0000 INFO [o.n.k.AvailabilityGuard] Requirement makes database unavailable: Database available
2018-10-05 21:56:03.834+0000 INFO [o.n.k.i.DiagnosticsManager] --- INITIALIZED diagnostics START ---
2018-10-05 21:56:03.834+0000 INFO [o.n.k.i.DiagnosticsManager] Neo4j Kernel properties:
2018-10-05 21:56:03.834+0000 INFO [o.n.k.i.DiagnosticsManager] unsupported.dbms.directories.neo4j_home=/home/gqxwolf/shared_git/backboneProject/null/databases/graph.db
2018-10-05 21:56:03.834+0000 INFO [o.n.k.i.DiagnosticsManager] unsupported.dbms.edition=community
2018-10-05 21:56:03.834+0000 INFO [o.n.k.i.DiagnosticsManager] unsupported.dbms.ephemeral=false
2018-10-05 21:56:03.834+0000 INFO [o.n.k.i.DiagnosticsManager] Diagnostics providers:
2018-10-05 21:56:03.834+0000 INFO [o.n.k.i.DiagnosticsManager] org.neo4j.kernel.configuration.Config
2018-10-05 21:56:03.834+0000 INFO [o.n.k.i.DiagnosticsManager] org.neo4j.kernel.info.DiagnosticsManager
2018-10-05 21:56:03.835+0000 INFO [o.n.k.i.DiagnosticsManager] SYSTEM_MEMORY
2018-10-05 21:56:03.835+0000 INFO [o.n.k.i.DiagnosticsManager] JAVA_MEMORY
2018-10-05 21:56:03.835+0000 INFO [o.n.k.i.DiagnosticsManager] OPERATING_SYSTEM
2018-10-05 21:56:03.835+0000 INFO [o.n.k.i.DiagnosticsManager] JAVA_VIRTUAL_MACHINE
2018-10-05 21:56:03.835+0000 INFO [o.n.k.i.DiagnosticsManager] CLASSPATH
2018-10-05 21:56:03.835+0000 INFO [o.n.k.i.DiagnosticsManager] LIBRARY_PATH
2018-10-05 21:56:03.835+0000 INFO [o.n.k.i.DiagnosticsManager] SYSTEM_PROPERTIES
2018-10-05 21:56:03.835+0000 INFO [o.n.k.i.DiagnosticsManager] TIMEZONE_DATABASE
2018-10-05 21:56:03.835+0000 INFO [o.n.k.i.DiagnosticsManager] LINUX_SCHEDULERS
2018-10-05 21:56:03.835+0000 INFO [o.n.k.i.DiagnosticsManager] NETWORK
2018-10-05 21:56:03.836+0000 INFO [o.n.k.i.DiagnosticsManager] System memory information:
2018-10-05 21:56:03.841+0000 INFO [o.n.k.i.DiagnosticsManager] Total Physical memory: 31.35 GB
2018-10-05 21:56:03.841+0000 INFO [o.n.k.i.DiagnosticsManager] Free Physical memory: 16.61 GB
2018-10-05 21:56:03.841+0000 INFO [o.n.k.i.DiagnosticsManager] Committed virtual memory: 10.96 GB
2018-10-05 21:56:03.841+0000 INFO [o.n.k.i.DiagnosticsManager] Total swap space: 31.93 GB
2018-10-05 21:56:03.841+0000 INFO [o.n.k.i.DiagnosticsManager] Free swap space: 31.93 GB
2018-10-05 21:56:03.842+0000 INFO [o.n.k.i.DiagnosticsManager] JVM memory information:
2018-10-05 21:56:03.842+0000 INFO [o.n.k.i.DiagnosticsManager] Free  memory: 381.47 MB
2018-10-05 21:56:03.842+0000 INFO [o.n.k.i.DiagnosticsManager] Total memory: 481.50 MB
2018-10-05 21:56:03.842+0000 INFO [o.n.k.i.DiagnosticsManager] Max   memory: 6.97 GB
2018-10-05 21:56:03.843+0000 INFO [o.n.k.i.DiagnosticsManager] Garbage Collector: PS Scavenge: [PS Eden Space, PS Survivor Space]
2018-10-05 21:56:03.843+0000 INFO [o.n.k.i.DiagnosticsManager] Garbage Collector: PS MarkSweep: [PS Eden Space, PS Survivor Space, PS Old Gen]
2018-10-05 21:56:03.843+0000 INFO [o.n.k.i.DiagnosticsManager] Memory Pool: Code Cache (Non-heap memory): committed=5.25 MB, used=5.22 MB, max=240.00 MB, threshold=0.00 B
2018-10-05 21:56:03.843+0000 INFO [o.n.k.i.DiagnosticsManager] Memory Pool: Metaspace (Non-heap memory): committed=14.75 MB, used=13.87 MB, max=-1.00 B, threshold=0.00 B
2018-10-05 21:56:03.843+0000 INFO [o.n.k.i.DiagnosticsManager] Memory Pool: Compressed Class Space (Non-heap memory): committed=2.00 MB, used=1.82 MB, max=1.00 GB, threshold=0.00 B
2018-10-05 21:56:03.844+0000 INFO [o.n.k.i.DiagnosticsManager] Memory Pool: PS Eden Space (Heap memory): committed=126.00 MB, used=100.03 MB, max=2.57 GB, threshold=?
2018-10-05 21:56:03.844+0000 INFO [o.n.k.i.DiagnosticsManager] Memory Pool: PS Survivor Space (Heap memory): committed=20.50 MB, used=0.00 B, max=20.50 MB, threshold=?
2018-10-05 21:56:03.844+0000 INFO [o.n.k.i.DiagnosticsManager] Memory Pool: PS Old Gen (Heap memory): committed=335.00 MB, used=0.00 B, max=5.23 GB, threshold=0.00 B
2018-10-05 21:56:03.844+0000 INFO [o.n.k.i.DiagnosticsManager] Operating system information:
2018-10-05 21:56:03.844+0000 INFO [o.n.k.i.DiagnosticsManager] Operating System: Linux; version: 4.4.0-137-generic; arch: amd64; cpus: 8
2018-10-05 21:56:03.844+0000 INFO [o.n.k.i.DiagnosticsManager] Max number of file descriptors: 1048576
2018-10-05 21:56:03.845+0000 INFO [o.n.k.i.DiagnosticsManager] Number of open file descriptors: 108
2018-10-05 21:56:03.845+0000 INFO [o.n.k.i.DiagnosticsManager] Process id: 27286@gqxwolf-lab
2018-10-05 21:56:03.845+0000 INFO [o.n.k.i.DiagnosticsManager] Byte order: LITTLE_ENDIAN
2018-10-05 21:56:03.847+0000 INFO [o.n.k.i.DiagnosticsManager] Local timezone: America/Edmonton
2018-10-05 21:56:03.848+0000 INFO [o.n.k.i.DiagnosticsManager] JVM information:
2018-10-05 21:56:03.848+0000 INFO [o.n.k.i.DiagnosticsManager] VM Name: Java HotSpot(TM) 64-Bit Server VM
2018-10-05 21:56:03.848+0000 INFO [o.n.k.i.DiagnosticsManager] VM Vendor: Oracle Corporation
2018-10-05 21:56:03.848+0000 INFO [o.n.k.i.DiagnosticsManager] VM Version: 25.181-b13
2018-10-05 21:56:03.848+0000 INFO [o.n.k.i.DiagnosticsManager] JIT compiler: HotSpot 64-Bit Tiered Compilers
2018-10-05 21:56:03.848+0000 INFO [o.n.k.i.DiagnosticsManager] VM Arguments: [-javaagent:/home/gqxwolf/mydata/software/idea-IC-182.4505.22/lib/idea_rt.jar=34540:/home/gqxwolf/mydata/software/idea-IC-182.4505.22/bin, -Dfile.encoding=UTF-8]
2018-10-05 21:56:03.848+0000 INFO [o.n.k.i.DiagnosticsManager] Java classpath:
2018-10-05 21:56:03.849+0000 INFO [o.n.k.i.DiagnosticsManager]  [classpath + loader.0] file:/home/gqxwolf/.m2/repository/org/bouncycastle/bcpkix-jdk15on/1.60/bcpkix-jdk15on-1.60.jar
2018-10-05 21:56:03.849+0000 INFO [o.n.k.i.DiagnosticsManager]  [loader.1] file:/usr/lib/jvm/java-8-oracle/jre/lib/ext/zipfs.jar
2018-10-05 21:56:03.849+0000 INFO [o.n.k.i.DiagnosticsManager]  [classpath + loader.0] file:/home/gqxwolf/.m2/repository/org/neo4j/neo4j-udc/3.4.8/neo4j-udc-3.4.8.jar
2018-10-05 21:56:03.850+0000 INFO [o.n.k.i.DiagnosticsManager]  [classpath + loader.0] file:/home/gqxwolf/.m2/repository/org/neo4j/neo4j-cypher-frontend-3.1/3.1.9/neo4j-cypher-frontend-3.1-3.1.9.jar
2018-10-05 21:56:03.850+0000 INFO [o.n.k.i.DiagnosticsManager]  [classpath + loader.0] file:/home/gqxwolf/.m2/repository/org/neo4j/neo4j-io/3.4.8/neo4j-io-3.4.8.jar
2018-10-05 21:56:03.850+0000 INFO [o.n.k.i.DiagnosticsManager]  [classpath + loader.0] file:/home/gqxwolf/.m2/repository/org/neo4j/neo4j-cypher-ir-3.4/3.4.8/neo4j-cypher-ir-3.4-3.4.8.jar
2018-10-05 21:56:03.850+0000 INFO [o.n.k.i.DiagnosticsManager]  [classpath + loader.0] file:/home/gqxwolf/.m2/repository/org/neo4j/neo4j-kernel/3.4.8/neo4j-kernel-3.4.8.jar
2018-10-05 21:56:03.850+0000 INFO [o.n.k.i.DiagnosticsManager]  [classpath + loader.0] file:/home/gqxwolf/.m2/repository/org/neo4j/neo4j-cypher-ir-3.3/3.3.7/neo4j-cypher-ir-3.3-3.3.7.jar
2018-10-05 21:56:03.850+0000 INFO [o.n.k.i.DiagnosticsManager]  [classpath + loader.0] file:/home/gqxwolf/.m2/repository/com/github/ben-manes/caffeine/caffeine/2.3.3/caffeine-2.3.3.jar
2018-10-05 21:56:03.850+0000 INFO [o.n.k.i.DiagnosticsManager]  [bootstrap + classpath + loader.0] file:/usr/lib/jvm/java-8-oracle/jre/lib/rt.jar
2018-10-05 21:56:03.850+0000 INFO [o.n.k.i.DiagnosticsManager]  [classpath + loader.0] file:/home/gqxwolf/.m2/repository/org/ow2/asm/asm-util/6.2/asm-util-6.2.jar
2018-10-05 21:56:03.850+0000 INFO [o.n.k.i.DiagnosticsManager]  [classpath + loader.0] file:/home/gqxwolf/.m2/repository/org/scala-lang/scala-library/2.11.12/scala-library-2.11.12.jar
2018-10-05 21:56:03.850+0000 INFO [o.n.k.i.DiagnosticsManager]  [classpath + loader.0] file:/home/gqxwolf/.m2/repository/org/apache/lucene/lucene-queryparser/5.5.5/lucene-queryparser-5.5.5.jar
2018-10-05 21:56:03.850+0000 INFO [o.n.k.i.DiagnosticsManager]  [classpath + loader.0] file:/home/gqxwolf/.m2/repository/org/neo4j/neo4j-csv/3.4.8/neo4j-csv-3.4.8.jar
2018-10-05 21:56:03.850+0000 INFO [o.n.k.i.DiagnosticsManager]  [classpath + loader.0] file:/home/gqxwolf/.m2/repository/org/neo4j/neo4j-configuration/3.4.8/neo4j-configuration-3.4.8.jar
2018-10-05 21:56:03.850+0000 INFO [o.n.k.i.DiagnosticsManager]  [classpath + loader.0] file:/home/gqxwolf/.m2/repository/org/neo4j/neo4j-unsafe/3.4.8/neo4j-unsafe-3.4.8.jar
2018-10-05 21:56:03.850+0000 INFO [o.n.k.i.DiagnosticsManager]  [classpath + loader.0] file:/home/gqxwolf/.m2/repository/org/neo4j/neo4j-lucene-index/3.4.8/neo4j-lucene-index-3.4.8.jar
2018-10-05 21:56:03.850+0000 INFO [o.n.k.i.DiagnosticsManager]  [loader.1] file:/usr/lib/jvm/java-8-oracle/jre/lib/ext/cldrdata.jar
2018-10-05 21:56:03.850+0000 INFO [o.n.k.i.DiagnosticsManager]  [classpath + loader.0] file:/home/gqxwolf/.m2/repository/org/neo4j/neo4j-common/3.4.8/neo4j-common-3.4.8.jar
2018-10-05 21:56:03.850+0000 INFO [o.n.k.i.DiagnosticsManager]  [classpath + loader.0] file:/home/gqxwolf/.m2/repository/org/neo4j/neo4j-dbms/3.4.8/neo4j-dbms-3.4.8.jar
2018-10-05 21:56:03.850+0000 INFO [o.n.k.i.DiagnosticsManager]  [classpath + loader.0] file:/usr/lib/jvm/java-8-oracle/lib/tools.jar
2018-10-05 21:56:03.850+0000 INFO [o.n.k.i.DiagnosticsManager]  [loader.1] file:/usr/lib/jvm/java-8-oracle/jre/lib/ext/sunec.jar
2018-10-05 21:56:03.851+0000 INFO [o.n.k.i.DiagnosticsManager]  [classpath + loader.0] file:/home/gqxwolf/.m2/repository/org/ow2/asm/asm-tree/6.2/asm-tree-6.2.jar
2018-10-05 21:56:03.851+0000 INFO [o.n.k.i.DiagnosticsManager]  [classpath + loader.0] file:/home/gqxwolf/.m2/repository/org/neo4j/neo4j-lucene-upgrade/3.4.8/neo4j-lucene-upgrade-3.4.8.jar
2018-10-05 21:56:03.851+0000 INFO [o.n.k.i.DiagnosticsManager]  [classpath + loader.0] file:/home/gqxwolf/.m2/repository/org/ow2/asm/asm-analysis/6.2/asm-analysis-6.2.jar
2018-10-05 21:56:03.851+0000 INFO [o.n.k.i.DiagnosticsManager]  [classpath + loader.0] file:/home/gqxwolf/.m2/repository/org/neo4j/neo4j/3.4.8/neo4j-3.4.8.jar
2018-10-05 21:56:03.851+0000 INFO [o.n.k.i.DiagnosticsManager]  [loader.1] file:/usr/lib/jvm/java-8-oracle/jre/lib/ext/sunjce_provider.jar
2018-10-05 21:56:03.851+0000 INFO [o.n.k.i.DiagnosticsManager]  [classpath + loader.0] file:/home/gqxwolf/.m2/repository/org/neo4j/neo4j-cypher/3.4.8/neo4j-cypher-3.4.8.jar
2018-10-05 21:56:03.851+0000 INFO [o.n.k.i.DiagnosticsManager]  [classpath + loader.0] file:/home/gqxwolf/.m2/repository/org/ow2/asm/asm/6.2/asm-6.2.jar
2018-10-05 21:56:03.851+0000 INFO [o.n.k.i.DiagnosticsManager]  [classpath + loader.0] file:/home/gqxwolf/.m2/repository/org/neo4j/neo4j-cypher-expression-3.4/3.4.8/neo4j-cypher-expression-3.4-3.4.8.jar
2018-10-05 21:56:03.851+0000 INFO [o.n.k.i.DiagnosticsManager]  [loader.1] file:/usr/lib/jvm/java-8-oracle/jre/lib/ext/dnsns.jar
2018-10-05 21:56:03.851+0000 INFO [o.n.k.i.DiagnosticsManager]  [classpath + loader.0] file:/home/gqxwolf/.m2/repository/org/neo4j/neo4j-cypher-interpreted-runtime/3.4.8/neo4j-cypher-interpreted-runtime-3.4.8.jar
2018-10-05 21:56:03.851+0000 INFO [o.n.k.i.DiagnosticsManager]  [classpath + loader.0] file:/home/gqxwolf/.m2/repository/org/apache/lucene/lucene-backward-codecs/5.5.0/lucene-backward-codecs-5.5.0.jar
2018-10-05 21:56:03.851+0000 INFO [o.n.k.i.DiagnosticsManager]  [classpath + loader.0] file:/home/gqxwolf/.m2/repository/org/neo4j/neo4j-primitive-collections/3.4.8/neo4j-primitive-collections-3.4.8.jar
2018-10-05 21:56:03.851+0000 INFO [o.n.k.i.DiagnosticsManager]  [classpath + loader.0] file:/home/gqxwolf/.m2/repository/com/googlecode/concurrentlinkedhashmap/concurrentlinkedhashmap-lru/1.4.2/concurrentlinkedhashmap-lru-1.4.2.jar
2018-10-05 21:56:03.851+0000 INFO [o.n.k.i.DiagnosticsManager]  [classpath + loader.0] file:/home/gqxwolf/.m2/repository/org/parboiled/parboiled-core/1.1.7/parboiled-core-1.1.7.jar
2018-10-05 21:56:03.851+0000 INFO [o.n.k.i.DiagnosticsManager]  [classpath + loader.0] file:/home/gqxwolf/.m2/repository/org/neo4j/neo4j-jmx/3.4.8/neo4j-jmx-3.4.8.jar
2018-10-05 21:56:03.851+0000 INFO [o.n.k.i.DiagnosticsManager]  [classpath + loader.0] file:/home/gqxwolf/.m2/repository/org/neo4j/neo4j-graph-matching/3.1.9/neo4j-graph-matching-3.1.9.jar
2018-10-05 21:56:03.851+0000 INFO [o.n.k.i.DiagnosticsManager]  [classpath + loader.0] file:/home/gqxwolf/.m2/repository/net/sf/opencsv/opencsv/2.3/opencsv-2.3.jar
2018-10-05 21:56:03.851+0000 INFO [o.n.k.i.DiagnosticsManager]  [classpath + loader.0] file:/home/gqxwolf/.m2/repository/org/neo4j/neo4j-codegen/3.4.8/neo4j-codegen-3.4.8.jar
2018-10-05 21:56:03.851+0000 INFO [o.n.k.i.DiagnosticsManager]  [classpath + loader.0] file:/home/gqxwolf/.m2/repository/org/neo4j/neo4j-cypher-planner-spi-3.4/3.4.8/neo4j-cypher-planner-spi-3.4-3.4.8.jar
2018-10-05 21:56:03.851+0000 INFO [o.n.k.i.DiagnosticsManager]  [classpath + loader.0] file:/home/gqxwolf/.m2/repository/org/apache/lucene/lucene-core/5.5.5/lucene-core-5.5.5.jar
2018-10-05 21:56:03.851+0000 INFO [o.n.k.i.DiagnosticsManager]  [bootstrap + classpath + loader.0] file:/usr/lib/jvm/java-8-oracle/jre/lib/jsse.jar
2018-10-05 21:56:03.851+0000 INFO [o.n.k.i.DiagnosticsManager]  [classpath + loader.0] file:/home/gqxwolf/.m2/repository/org/parboiled/parboiled-scala_2.11/1.1.7/parboiled-scala_2.11-1.1.7.jar
2018-10-05 21:56:03.852+0000 INFO [o.n.k.i.DiagnosticsManager]  [classpath + loader.0] file:/home/gqxwolf/.m2/repository/org/neo4j/neo4j-cypher-util-3.4/3.4.8/neo4j-cypher-util-3.4-3.4.8.jar
2018-10-05 21:56:03.852+0000 INFO [o.n.k.i.DiagnosticsManager]  [loader.1] file:/usr/lib/jvm/java-8-oracle/jre/lib/ext/jfxrt.jar
2018-10-05 21:56:03.852+0000 INFO [o.n.k.i.DiagnosticsManager]  [classpath + loader.0] file:/home/gqxwolf/.m2/repository/org/apache/lucene/lucene-codecs/5.5.5/lucene-codecs-5.5.5.jar
2018-10-05 21:56:03.852+0000 INFO [o.n.k.i.DiagnosticsManager]  [loader.1] file:/usr/lib/jvm/java-8-oracle/jre/lib/ext/jaccess.jar
2018-10-05 21:56:03.852+0000 INFO [o.n.k.i.DiagnosticsManager]  [classpath + loader.0] file:/usr/lib/jvm/java-8-oracle/jre/lib/deploy.jar
2018-10-05 21:56:03.852+0000 INFO [o.n.k.i.DiagnosticsManager]  [classpath + loader.0] file:/home/gqxwolf/.m2/repository/org/neo4j/neo4j-cypher-planner-3.4/3.4.8/neo4j-cypher-planner-3.4-3.4.8.jar
2018-10-05 21:56:03.852+0000 INFO [o.n.k.i.DiagnosticsManager]  [classpath + loader.0] file:/home/gqxwolf/.m2/repository/org/neo4j/neo4j-cypher-compiler-3.3/3.3.7/neo4j-cypher-compiler-3.3-3.3.7.jar
2018-10-05 21:56:03.852+0000 INFO [o.n.k.i.DiagnosticsManager]  [classpath + loader.0] file:/home/gqxwolf/.m2/repository/org/neo4j/neo4j-kernel-api/3.4.8/neo4j-kernel-api-3.4.8.jar
2018-10-05 21:56:03.852+0000 INFO [o.n.k.i.DiagnosticsManager]  [classpath + loader.0] file:/home/gqxwolf/.m2/repository/org/neo4j/neo4j-cypher-compiler-2.3/2.3.12/neo4j-cypher-compiler-2.3-2.3.12.jar
2018-10-05 21:56:03.852+0000 INFO [o.n.k.i.DiagnosticsManager]  [loader.1] file:/usr/lib/jvm/java-8-oracle/jre/lib/ext/sunpkcs11.jar
2018-10-05 21:56:03.852+0000 INFO [o.n.k.i.DiagnosticsManager]  [classpath + loader.0] file:/usr/lib/jvm/java-8-oracle/jre/lib/management-agent.jar
2018-10-05 21:56:03.852+0000 INFO [o.n.k.i.DiagnosticsManager]  [bootstrap + classpath + loader.0] file:/usr/lib/jvm/java-8-oracle/jre/lib/jce.jar
2018-10-05 21:56:03.852+0000 INFO [o.n.k.i.DiagnosticsManager]  [classpath + loader.0] file:/home/gqxwolf/.m2/repository/org/jprocesses/jProcesses/1.6.4/jProcesses-1.6.4.jar
2018-10-05 21:56:03.852+0000 INFO [o.n.k.i.DiagnosticsManager]  [classpath + loader.0] file:/home/gqxwolf/.m2/repository/org/neo4j/neo4j-cypher-logical-plans-3.4/3.4.8/neo4j-cypher-logical-plans-3.4-3.4.8.jar
2018-10-05 21:56:03.852+0000 INFO [o.n.k.i.DiagnosticsManager]  [classpath + loader.0] file:/usr/lib/jvm/java-8-oracle/jre/lib/plugin.jar
2018-10-05 21:56:03.852+0000 INFO [o.n.k.i.DiagnosticsManager]  [classpath + loader.0] file:/home/gqxwolf/.m2/repository/org/codehaus/jackson/jackson-core-asl/1.9.13/jackson-core-asl-1.9.13.jar
2018-10-05 21:56:03.852+0000 INFO [o.n.k.i.DiagnosticsManager]  [classpath + loader.0] file:/home/gqxwolf/.m2/repository/org/neo4j/neo4j-logging/3.4.8/neo4j-logging-3.4.8.jar
2018-10-05 21:56:03.852+0000 INFO [o.n.k.i.DiagnosticsManager]  [classpath + loader.0] file:/home/gqxwolf/.m2/repository/com/profesorfalken/WMI4Java/1.6.1/WMI4Java-1.6.1.jar
2018-10-05 21:56:03.852+0000 INFO [o.n.k.i.DiagnosticsManager]  [bootstrap + classpath + loader.0] file:/usr/lib/jvm/java-8-oracle/jre/lib/resources.jar
2018-10-05 21:56:03.852+0000 INFO [o.n.k.i.DiagnosticsManager]  [classpath + loader.0] file:/home/gqxwolf/.m2/repository/org/neo4j/neo4j-values/3.4.8/neo4j-values-3.4.8.jar
2018-10-05 21:56:03.852+0000 INFO [o.n.k.i.DiagnosticsManager]  [classpath + loader.0] file:/home/gqxwolf/.m2/repository/org/neo4j/neo4j-cypher-frontend-2.3/2.3.12/neo4j-cypher-frontend-2.3-2.3.12.jar
2018-10-05 21:56:03.853+0000 INFO [o.n.k.i.DiagnosticsManager]  [classpath + loader.0] file:/usr/lib/jvm/java-8-oracle/jre/lib/jfxswt.jar
2018-10-05 21:56:03.853+0000 INFO [o.n.k.i.DiagnosticsManager]  [classpath + loader.0] file:/home/gqxwolf/.m2/repository/org/neo4j/neo4j-import-tool/3.4.8/neo4j-import-tool-3.4.8.jar
2018-10-05 21:56:03.853+0000 INFO [o.n.k.i.DiagnosticsManager]  [classpath + loader.0] file:/home/gqxwolf/.m2/repository/org/scala-lang/scala-reflect/2.11.12/scala-reflect-2.11.12.jar
2018-10-05 21:56:03.853+0000 INFO [o.n.k.i.DiagnosticsManager]  [classpath + loader.0] file:/home/gqxwolf/mydata/software/idea-IC-182.4505.22/lib/idea_rt.jar
2018-10-05 21:56:03.853+0000 INFO [o.n.k.i.DiagnosticsManager]  [classpath + loader.0] file:/home/gqxwolf/.m2/repository/org/neo4j/neo4j-ssl/3.4.8/neo4j-ssl-3.4.8.jar
2018-10-05 21:56:03.853+0000 INFO [o.n.k.i.DiagnosticsManager]  [classpath + loader.0] file:/home/gqxwolf/.m2/repository/org/apache/commons/commons-compress/1.16.1/commons-compress-1.16.1.jar
2018-10-05 21:56:03.853+0000 INFO [o.n.k.i.DiagnosticsManager]  [classpath + loader.0] file:/home/gqxwolf/.m2/repository/org/neo4j/neo4j-cypher-compiler-3.1/3.1.9/neo4j-cypher-compiler-3.1-3.1.9.jar
2018-10-05 21:56:03.853+0000 INFO [o.n.k.i.DiagnosticsManager]  [classpath + loader.0] file:/home/gqxwolf/.m2/repository/org/neo4j/neo4j-consistency-check/3.4.8/neo4j-consistency-check-3.4.8.jar
2018-10-05 21:56:03.853+0000 INFO [o.n.k.i.DiagnosticsManager]  [classpath + loader.0] file:/home/gqxwolf/.m2/repository/org/neo4j/neo4j-cypher-frontend-3.3/3.3.7/neo4j-cypher-frontend-3.3-3.3.7.jar
2018-10-05 21:56:03.853+0000 INFO [o.n.k.i.DiagnosticsManager]  [bootstrap] /usr/lib/jvm/java-8-oracle/jre/classes
2018-10-05 21:56:03.853+0000 INFO [o.n.k.i.DiagnosticsManager]  [classpath + loader.0] file:/home/gqxwolf/.m2/repository/org/bouncycastle/bcprov-jdk15on/1.60/bcprov-jdk15on-1.60.jar
2018-10-05 21:56:03.853+0000 INFO [o.n.k.i.DiagnosticsManager]  [classpath + loader.0] file:/home/gqxwolf/.m2/repository/commons-io/commons-io/2.6/commons-io-2.6.jar
2018-10-05 21:56:03.853+0000 INFO [o.n.k.i.DiagnosticsManager]  [classpath + loader.0] file:/home/gqxwolf/.m2/repository/org/neo4j/neo4j-graphdb-api/3.4.8/neo4j-graphdb-api-3.4.8.jar
2018-10-05 21:56:03.854+0000 INFO [o.n.k.i.DiagnosticsManager]  [classpath + loader.0] file:/home/gqxwolf/.m2/repository/org/apache/commons/commons-text/1.3/commons-text-1.3.jar
2018-10-05 21:56:03.854+0000 INFO [o.n.k.i.DiagnosticsManager]  [classpath + loader.0] file:/home/gqxwolf/.m2/repository/com/profesorfalken/jPowerShell/1.9/jPowerShell-1.9.jar
2018-10-05 21:56:03.854+0000 INFO [o.n.k.i.DiagnosticsManager]  [classpath + loader.0] file:/home/gqxwolf/.m2/repository/org/codehaus/jackson/jackson-mapper-asl/1.9.13/jackson-mapper-asl-1.9.13.jar
2018-10-05 21:56:03.854+0000 INFO [o.n.k.i.DiagnosticsManager]  [bootstrap + classpath + loader.0] file:/usr/lib/jvm/java-8-oracle/jre/lib/charsets.jar
2018-10-05 21:56:03.854+0000 INFO [o.n.k.i.DiagnosticsManager]  [loader.1] file:/usr/lib/jvm/java-8-oracle/jre/lib/ext/nashorn.jar
2018-10-05 21:56:03.854+0000 INFO [o.n.k.i.DiagnosticsManager]  [classpath + loader.0] file:/home/gqxwolf/.m2/repository/org/neo4j/neo4j-command-line/3.4.8/neo4j-command-line-3.4.8.jar
2018-10-05 21:56:03.854+0000 INFO [o.n.k.i.DiagnosticsManager]  [classpath + loader.0] file:/home/gqxwolf/.m2/repository/org/neo4j/neo4j-collections/3.4.8/neo4j-collections-3.4.8.jar
2018-10-05 21:56:03.854+0000 INFO [o.n.k.i.DiagnosticsManager]  [classpath + loader.0] file:/home/gqxwolf/.m2/repository/org/apache/lucene/lucene-analyzers-common/5.5.5/lucene-analyzers-common-5.5.5.jar
2018-10-05 21:56:03.854+0000 INFO [o.n.k.i.DiagnosticsManager]  [classpath + loader.0] file:/usr/lib/jvm/java-8-oracle/jre/lib/javaws.jar
2018-10-05 21:56:03.854+0000 INFO [o.n.k.i.DiagnosticsManager]  [bootstrap] /usr/lib/jvm/java-8-oracle/jre/lib/sunrsasign.jar
2018-10-05 21:56:03.854+0000 INFO [o.n.k.i.DiagnosticsManager]  [classpath + loader.0] file:/home/gqxwolf/.m2/repository/org/neo4j/neo4j-procedure-api/3.4.8/neo4j-procedure-api-3.4.8.jar
2018-10-05 21:56:03.854+0000 INFO [o.n.k.i.DiagnosticsManager]  [classpath + loader.0] file:/home/gqxwolf/shared_git/backboneProject/target/classes/
2018-10-05 21:56:03.854+0000 INFO [o.n.k.i.DiagnosticsManager]  [classpath + loader.0] file:/home/gqxwolf/.m2/repository/io/netty/netty-all/4.1.24.Final/netty-all-4.1.24.Final.jar
2018-10-05 21:56:03.854+0000 INFO [o.n.k.i.DiagnosticsManager]  [classpath + loader.0] file:/home/gqxwolf/.m2/repository/org/neo4j/neo4j-index/3.4.8/neo4j-index-3.4.8.jar
2018-10-05 21:56:03.854+0000 INFO [o.n.k.i.DiagnosticsManager]  [bootstrap + classpath + loader.0] file:/usr/lib/jvm/java-8-oracle/jre/lib/jfr.jar
2018-10-05 21:56:03.855+0000 INFO [o.n.k.i.DiagnosticsManager]  [classpath + loader.0] file:/home/gqxwolf/.m2/repository/org/neo4j/openCypher-frontend-1/3.4.8/openCypher-frontend-1-3.4.8.jar
2018-10-05 21:56:03.855+0000 INFO [o.n.k.i.DiagnosticsManager]  [classpath + loader.0] file:/home/gqxwolf/.m2/repository/org/neo4j/neo4j-cypher-runtime-util/3.4.8/neo4j-cypher-runtime-util-3.4.8.jar
2018-10-05 21:56:03.855+0000 INFO [o.n.k.i.DiagnosticsManager]  [loader.1] file:/usr/lib/jvm/java-8-oracle/jre/lib/ext/localedata.jar
2018-10-05 21:56:03.855+0000 INFO [o.n.k.i.DiagnosticsManager]  [classpath + loader.0] file:/home/gqxwolf/.m2/repository/org/neo4j/neo4j-graph-algo/3.4.8/neo4j-graph-algo-3.4.8.jar
2018-10-05 21:56:03.855+0000 INFO [o.n.k.i.DiagnosticsManager]  [classpath + loader.0] file:/home/gqxwolf/.m2/repository/org/neo4j/neo4j-bolt/3.4.8/neo4j-bolt-3.4.8.jar
2018-10-05 21:56:03.855+0000 INFO [o.n.k.i.DiagnosticsManager]  [classpath + loader.0] file:/home/gqxwolf/.m2/repository/org/neo4j/neo4j-resource/3.4.8/neo4j-resource-3.4.8.jar
2018-10-05 21:56:03.855+0000 INFO [o.n.k.i.DiagnosticsManager]  [classpath + loader.0] file:/home/gqxwolf/.m2/repository/org/neo4j/neo4j-spatial-index/3.4.8/neo4j-spatial-index-3.4.8.jar
2018-10-05 21:56:03.855+0000 INFO [o.n.k.i.DiagnosticsManager]  [classpath + loader.0] file:/home/gqxwolf/.m2/repository/org/neo4j/neo4j-cypher-logical-plans-3.3/3.3.7/neo4j-cypher-logical-plans-3.3-3.3.7.jar
2018-10-05 21:56:03.855+0000 INFO [o.n.k.i.DiagnosticsManager]  [classpath + loader.0] file:/home/gqxwolf/.m2/repository/org/apache/commons/commons-lang3/3.7/commons-lang3-3.7.jar
2018-10-05 21:56:03.855+0000 INFO [o.n.k.i.DiagnosticsManager] Library path:
2018-10-05 21:56:03.855+0000 INFO [o.n.k.i.DiagnosticsManager] /usr/java/packages/lib/amd64
2018-10-05 21:56:03.855+0000 INFO [o.n.k.i.DiagnosticsManager] /usr/lib64
2018-10-05 21:56:03.855+0000 INFO [o.n.k.i.DiagnosticsManager] /lib64
2018-10-05 21:56:03.856+0000 INFO [o.n.k.i.DiagnosticsManager] /lib
2018-10-05 21:56:03.856+0000 INFO [o.n.k.i.DiagnosticsManager] /usr/lib
2018-10-05 21:56:03.856+0000 INFO [o.n.k.i.DiagnosticsManager] System.properties:
2018-10-05 21:56:03.856+0000 INFO [o.n.k.i.DiagnosticsManager] sun.boot.library.path = /usr/lib/jvm/java-8-oracle/jre/lib/amd64
2018-10-05 21:56:03.856+0000 INFO [o.n.k.i.DiagnosticsManager] path.separator = :
2018-10-05 21:56:03.856+0000 INFO [o.n.k.i.DiagnosticsManager] file.encoding.pkg = sun.io
2018-10-05 21:56:03.856+0000 INFO [o.n.k.i.DiagnosticsManager] user.country = US
2018-10-05 21:56:03.856+0000 INFO [o.n.k.i.DiagnosticsManager] sun.java.launcher = SUN_STANDARD
2018-10-05 21:56:03.856+0000 INFO [o.n.k.i.DiagnosticsManager] sun.os.patch.level = unknown
2018-10-05 21:56:03.856+0000 INFO [o.n.k.i.DiagnosticsManager] user.dir = /home/gqxwolf/shared_git/backboneProject
2018-10-05 21:56:03.857+0000 INFO [o.n.k.i.DiagnosticsManager] sun.jnu.encoding = UTF-8
2018-10-05 21:56:03.857+0000 INFO [o.n.k.i.DiagnosticsManager] sun.management.compiler = HotSpot 64-Bit Tiered Compilers
2018-10-05 21:56:03.857+0000 INFO [o.n.k.i.DiagnosticsManager] user.home = /home/gqxwolf
2018-10-05 21:56:03.857+0000 INFO [o.n.k.i.DiagnosticsManager] user.timezone = America/Edmonton
2018-10-05 21:56:03.857+0000 INFO [o.n.k.i.DiagnosticsManager] file.encoding = UTF-8
2018-10-05 21:56:03.857+0000 INFO [o.n.k.i.DiagnosticsManager] user.name = gqxwolf
2018-10-05 21:56:03.857+0000 INFO [o.n.k.i.DiagnosticsManager] sun.java.command = test.testDB
2018-10-05 21:56:03.857+0000 INFO [o.n.k.i.DiagnosticsManager] sun.arch.data.model = 64
2018-10-05 21:56:03.857+0000 INFO [o.n.k.i.DiagnosticsManager] user.language = en
2018-10-05 21:56:03.857+0000 INFO [o.n.k.i.DiagnosticsManager] awt.toolkit = sun.awt.X11.XToolkit
2018-10-05 21:56:03.857+0000 INFO [o.n.k.i.DiagnosticsManager] file.separator = /
2018-10-05 21:56:03.857+0000 INFO [o.n.k.i.DiagnosticsManager] sun.io.unicode.encoding = UnicodeLittle
2018-10-05 21:56:03.858+0000 INFO [o.n.k.i.DiagnosticsManager] sun.cpu.endian = little
2018-10-05 21:56:03.858+0000 INFO [o.n.k.i.DiagnosticsManager] sun.desktop = gnome
2018-10-05 21:56:03.858+0000 INFO [o.n.k.i.DiagnosticsManager] sun.cpu.isalist = 
2018-10-05 21:56:03.858+0000 INFO [o.n.k.i.DiagnosticsManager] (IANA) TimeZone Database Version:
2018-10-05 21:56:03.891+0000 INFO [o.n.k.i.DiagnosticsManager]   TimeZone version: 2018e (available for 599 zone identifiers)
2018-10-05 21:56:03.891+0000 INFO [o.n.k.i.DiagnosticsManager] Linux scheduler information:
2018-10-05 21:56:03.897+0000 INFO [o.n.k.i.DiagnosticsManager] noop [deadline] cfq 
2018-10-05 21:56:03.898+0000 INFO [o.n.k.i.DiagnosticsManager] noop [deadline] cfq 
2018-10-05 21:56:03.898+0000 INFO [o.n.k.i.DiagnosticsManager] noop [deadline] cfq 
2018-10-05 21:56:03.898+0000 INFO [o.n.k.i.DiagnosticsManager] none
2018-10-05 21:56:03.898+0000 INFO [o.n.k.i.DiagnosticsManager] none
2018-10-05 21:56:03.899+0000 INFO [o.n.k.i.DiagnosticsManager] none
2018-10-05 21:56:03.899+0000 INFO [o.n.k.i.DiagnosticsManager] none
2018-10-05 21:56:03.899+0000 INFO [o.n.k.i.DiagnosticsManager] none
2018-10-05 21:56:03.899+0000 INFO [o.n.k.i.DiagnosticsManager] none
2018-10-05 21:56:03.899+0000 INFO [o.n.k.i.DiagnosticsManager] none
2018-10-05 21:56:03.900+0000 INFO [o.n.k.i.DiagnosticsManager] none
2018-10-05 21:56:03.900+0000 INFO [o.n.k.i.DiagnosticsManager] Network information:
2018-10-05 21:56:03.901+0000 INFO [o.n.k.i.DiagnosticsManager] Interface eno1:
2018-10-05 21:56:03.901+0000 INFO [o.n.k.i.DiagnosticsManager]     address: fe80:0:0:0:109f:2556:7002:ebf0%eno1
2018-10-05 21:56:03.901+0000 INFO [o.n.k.i.DiagnosticsManager]     address: 128.123.63.83
2018-10-05 21:56:03.901+0000 INFO [o.n.k.i.DiagnosticsManager] Interface lo:
2018-10-05 21:56:03.901+0000 INFO [o.n.k.i.DiagnosticsManager]     address: 0:0:0:0:0:0:0:1%lo
2018-10-05 21:56:03.901+0000 INFO [o.n.k.i.DiagnosticsManager]     address: 127.0.0.1
2018-10-05 21:56:03.901+0000 INFO [o.n.k.i.DiagnosticsManager] --- INITIALIZED diagnostics END ---
2018-10-05 21:56:04.086+0000 INFO [o.n.k.i.s.f.RecordFormatSelector] Selected format 'RecordFormat:StandardV3_4[v0.A.9]' for the new store
2018-10-05 21:56:04.320+0000 INFO [o.n.k.i.i.l.NativeLabelScanStore] No label index found, this might just be first use. Preparing to rebuild.
2018-10-05 21:56:04.347+0000 INFO [o.n.k.NeoStoreDataSource] Rotated to transaction log [/home/gqxwolf/shared_git/backboneProject/null/databases/graph.db/neostore.transaction.db.0] version=0, last transaction in previous log=1
2018-10-05 21:56:04.347+0000 INFO [o.n.k.NeoStoreDataSource] No commits found after last check point (which is at <no log position given>)
2018-10-05 21:56:04.352+0000 WARN [o.n.k.i.s.MetaDataStore] Missing counts store, rebuilding it.
2018-10-05 21:56:04.488+0000 WARN [o.n.k.i.s.MetaDataStore] Counts store rebuild completed.
2018-10-05 21:56:04.495+0000 INFO [o.n.k.i.i.l.NativeLabelScanStore] Rebuilding label index, this may take a while
2018-10-05 21:56:04.501+0000 INFO [o.n.k.i.i.l.NativeLabelScanStore] Label index rebuilt (roughly 0 nodes)
2018-10-05 21:56:04.514+0000 INFO [o.n.k.i.DatabaseHealth] Database health set to OK
2018-10-05 21:56:04.772+0000 INFO [o.n.k.AvailabilityGuard] Fulfilling of requirement makes database available: Database available
2018-10-05 21:56:04.772+0000 INFO [o.n.k.i.f.GraphDatabaseFacadeFactory] Database is now ready
2018-10-05 21:56:04.773+0000 INFO [o.n.k.i.DiagnosticsManager] --- STARTED diagnostics for KernelDiagnostics:Versions START ---
2018-10-05 21:56:04.773+0000 INFO [o.n.k.i.DiagnosticsManager] Graph Database: community single StoreId{creationTime=1538776564228, randomId=8176237899179554442, storeVersion=16094931155187206, upgradeTime=1538776564228, upgradeId=1}
2018-10-05 21:56:04.773+0000 INFO [o.n.k.i.DiagnosticsManager] Kernel version: 3.4.8,fd05a33c832a50786889cc2ea5714baa31795459
2018-10-05 21:56:04.774+0000 INFO [o.n.k.i.DiagnosticsManager] --- STARTED diagnostics for KernelDiagnostics:Versions END ---
2018-10-05 21:56:04.775+0000 INFO [o.n.k.i.DiagnosticsManager] --- STARTED diagnostics for NEO_STORE_VERSIONS START ---
2018-10-05 21:56:04.775+0000 INFO [o.n.k.i.DiagnosticsManager] Store versions:
2018-10-05 21:56:04.775+0000 INFO [o.n.k.i.DiagnosticsManager] Store versions:
2018-10-05 21:56:04.776+0000 INFO [o.n.k.i.DiagnosticsManager]   ArrayPropertyStore v0.A.9
2018-10-05 21:56:04.776+0000 INFO [o.n.k.i.DiagnosticsManager]   NodeStore v0.A.9
2018-10-05 21:56:04.776+0000 INFO [o.n.k.i.DiagnosticsManager]   StringPropertyStore v0.A.9
2018-10-05 21:56:04.776+0000 INFO [o.n.k.i.DiagnosticsManager]   PropertyIndexStore v0.A.9
2018-10-05 21:56:04.776+0000 INFO [o.n.k.i.DiagnosticsManager]   StringPropertyStore v0.A.9
2018-10-05 21:56:04.776+0000 INFO [o.n.k.i.DiagnosticsManager]   ArrayPropertyStore v0.A.9
2018-10-05 21:56:04.776+0000 INFO [o.n.k.i.DiagnosticsManager]   PropertyStore v0.A.9
2018-10-05 21:56:04.776+0000 INFO [o.n.k.i.DiagnosticsManager]   RelationshipStore v0.A.9
2018-10-05 21:56:04.776+0000 INFO [o.n.k.i.DiagnosticsManager]   StringPropertyStore v0.A.9
2018-10-05 21:56:04.776+0000 INFO [o.n.k.i.DiagnosticsManager]   RelationshipTypeStore v0.A.9
2018-10-05 21:56:04.776+0000 INFO [o.n.k.i.DiagnosticsManager]   StringPropertyStore v0.A.9
2018-10-05 21:56:04.776+0000 INFO [o.n.k.i.DiagnosticsManager]   LabelTokenStore v0.A.9
2018-10-05 21:56:04.776+0000 INFO [o.n.k.i.DiagnosticsManager]   SchemaStore v0.A.9
2018-10-05 21:56:04.777+0000 INFO [o.n.k.i.DiagnosticsManager]   RelationshipGroupStore v0.A.9
2018-10-05 21:56:04.777+0000 INFO [o.n.k.i.DiagnosticsManager]   NeoStore v0.A.9
2018-10-05 21:56:04.777+0000 INFO [o.n.k.i.DiagnosticsManager] --- STARTED diagnostics for NEO_STORE_VERSIONS END ---
2018-10-05 21:56:04.777+0000 INFO [o.n.k.i.DiagnosticsManager] --- STARTED diagnostics for NEO_STORE_ID_USAGE START ---
2018-10-05 21:56:04.777+0000 INFO [o.n.k.i.DiagnosticsManager] Id usage:
2018-10-05 21:56:04.777+0000 INFO [o.n.k.i.DiagnosticsManager] Id usage:
2018-10-05 21:56:04.777+0000 INFO [o.n.k.i.DiagnosticsManager]   ArrayPropertyStore: used=1 high=0
2018-10-05 21:56:04.777+0000 INFO [o.n.k.i.DiagnosticsManager]   NodeStore: used=0 high=-1
2018-10-05 21:56:04.778+0000 INFO [o.n.k.i.DiagnosticsManager]   StringPropertyStore: used=1 high=0
2018-10-05 21:56:04.778+0000 INFO [o.n.k.i.DiagnosticsManager]   PropertyIndexStore: used=0 high=-1
2018-10-05 21:56:04.778+0000 INFO [o.n.k.i.DiagnosticsManager]   StringPropertyStore: used=1 high=0
2018-10-05 21:56:04.778+0000 INFO [o.n.k.i.DiagnosticsManager]   ArrayPropertyStore: used=1 high=0
2018-10-05 21:56:04.778+0000 INFO [o.n.k.i.DiagnosticsManager]   PropertyStore: used=0 high=-1
2018-10-05 21:56:04.778+0000 INFO [o.n.k.i.DiagnosticsManager]   RelationshipStore: used=0 high=-1
2018-10-05 21:56:04.778+0000 INFO [o.n.k.i.DiagnosticsManager]   StringPropertyStore: used=1 high=0
2018-10-05 21:56:04.778+0000 INFO [o.n.k.i.DiagnosticsManager]   RelationshipTypeStore: used=0 high=-1
2018-10-05 21:56:04.778+0000 INFO [o.n.k.i.DiagnosticsManager]   StringPropertyStore: used=1 high=0
2018-10-05 21:56:04.778+0000 INFO [o.n.k.i.DiagnosticsManager]   LabelTokenStore: used=0 high=-1
2018-10-05 21:56:04.778+0000 INFO [o.n.k.i.DiagnosticsManager]   SchemaStore: used=1 high=0
2018-10-05 21:56:04.779+0000 INFO [o.n.k.i.DiagnosticsManager]   RelationshipGroupStore: used=1 high=0
2018-10-05 21:56:04.779+0000 INFO [o.n.k.i.DiagnosticsManager]   NeoStore: used=15 high=14
2018-10-05 21:56:04.779+0000 INFO [o.n.k.i.DiagnosticsManager] --- STARTED diagnostics for NEO_STORE_ID_USAGE END ---
2018-10-05 21:56:04.779+0000 INFO [o.n.k.i.DiagnosticsManager] --- STARTED diagnostics for NEO_STORE_RECORDS START ---
2018-10-05 21:56:04.779+0000 INFO [o.n.k.i.DiagnosticsManager] Neostore records:
2018-10-05 21:56:04.779+0000 INFO [o.n.k.i.DiagnosticsManager] TIME (Creation time): 1538776564228
2018-10-05 21:56:04.780+0000 INFO [o.n.k.i.DiagnosticsManager] RANDOM_NUMBER (Random number for store id): 8176237899179554442
2018-10-05 21:56:04.780+0000 INFO [o.n.k.i.DiagnosticsManager] LOG_VERSION (Current log version): 0
2018-10-05 21:56:04.780+0000 INFO [o.n.k.i.DiagnosticsManager] LAST_TRANSACTION_ID (Last committed transaction): 1
2018-10-05 21:56:04.780+0000 INFO [o.n.k.i.DiagnosticsManager] STORE_VERSION (Store format version): 16094931155187206
2018-10-05 21:56:04.780+0000 INFO [o.n.k.i.DiagnosticsManager] FIRST_GRAPH_PROPERTY (First property record containing graph properties): -1
2018-10-05 21:56:04.780+0000 INFO [o.n.k.i.DiagnosticsManager] LAST_CONSTRAINT_TRANSACTION (Last committed transaction containing constraint changes): 0
2018-10-05 21:56:04.780+0000 INFO [o.n.k.i.DiagnosticsManager] UPGRADE_TRANSACTION_ID (Transaction id most recent upgrade was performed at): 1
2018-10-05 21:56:04.780+0000 INFO [o.n.k.i.DiagnosticsManager] UPGRADE_TIME (Time of last upgrade): 1538776564228
2018-10-05 21:56:04.780+0000 INFO [o.n.k.i.DiagnosticsManager] LAST_TRANSACTION_CHECKSUM (Checksum of last committed transaction): 0
2018-10-05 21:56:04.780+0000 INFO [o.n.k.i.DiagnosticsManager] UPGRADE_TRANSACTION_CHECKSUM (Checksum of transaction id the most recent upgrade was performed at): 0
2018-10-05 21:56:04.780+0000 INFO [o.n.k.i.DiagnosticsManager] LAST_CLOSED_TRANSACTION_LOG_VERSION (Log version where the last transaction commit entry has been written into): 0
2018-10-05 21:56:04.780+0000 INFO [o.n.k.i.DiagnosticsManager] LAST_CLOSED_TRANSACTION_LOG_BYTE_OFFSET (Byte offset in the log file where the last transaction commit entry has been written into): 16
2018-10-05 21:56:04.780+0000 INFO [o.n.k.i.DiagnosticsManager] LAST_TRANSACTION_COMMIT_TIMESTAMP (Commit time timestamp for last committed transaction): 0
2018-10-05 21:56:04.781+0000 INFO [o.n.k.i.DiagnosticsManager] UPGRADE_TRANSACTION_COMMIT_TIMESTAMP (Commit timestamp of transaction the most recent upgrade was performed at): 0
2018-10-05 21:56:04.781+0000 INFO [o.n.k.i.DiagnosticsManager] --- STARTED diagnostics for NEO_STORE_RECORDS END ---
2018-10-05 21:56:04.781+0000 INFO [o.n.k.i.DiagnosticsManager] --- STARTED diagnostics for TRANSACTION_RANGE START ---
2018-10-05 21:56:04.782+0000 INFO [o.n.k.i.DiagnosticsManager] Transaction log:
2018-10-05 21:56:04.782+0000 INFO [o.n.k.i.DiagnosticsManager] No transactions found in any log
2018-10-05 21:56:04.782+0000 INFO [o.n.k.i.DiagnosticsManager] --- STARTED diagnostics for TRANSACTION_RANGE END ---
2018-10-05 21:56:04.786+0000 INFO [o.n.k.i.DiagnosticsManager] --- STARTED diagnostics for KernelDiagnostics:StoreFiles START ---
2018-10-05 21:56:04.787+0000 INFO [o.n.k.i.DiagnosticsManager] Disk space on partition (Total / Free / Free %): 211727048704 / 56627216384 / 26
2018-10-05 21:56:04.787+0000 INFO [o.n.k.i.DiagnosticsManager] Storage files: (filename : modification date - size)
2018-10-05 21:56:04.788+0000 INFO [o.n.k.i.DiagnosticsManager]   index:
2018-10-05 21:56:04.789+0000 INFO [o.n.k.i.DiagnosticsManager]   - Total: 2018-10-05T15:56:04-0600 - 0.00 B
2018-10-05 21:56:04.789+0000 INFO [o.n.k.i.DiagnosticsManager]   logs:
2018-10-05 21:56:04.789+0000 INFO [o.n.k.i.DiagnosticsManager]     debug.log: 2018-10-05T15:56:04-0600 - 36.16 kB
2018-10-05 21:56:04.790+0000 INFO [o.n.k.i.DiagnosticsManager]   - Total: 2018-10-05T15:56:03-0600 - 36.16 kB
2018-10-05 21:56:04.790+0000 INFO [o.n.k.i.DiagnosticsManager]   neostore: 2018-10-05T15:56:04-0600 - 8.00 kB
2018-10-05 21:56:04.790+0000 INFO [o.n.k.i.DiagnosticsManager]   neostore.counts.db.a: 2018-10-05T15:56:04-0600 - 96.00 B
2018-10-05 21:56:04.790+0000 INFO [o.n.k.i.DiagnosticsManager]   neostore.id: 2018-10-05T15:56:04-0600 - 9.00 B
2018-10-05 21:56:04.790+0000 INFO [o.n.k.i.DiagnosticsManager]   neostore.labelscanstore.db: 2018-10-05T15:56:04-0600 - 40.00 kB
2018-10-05 21:56:04.791+0000 INFO [o.n.k.i.DiagnosticsManager]   neostore.labeltokenstore.db: 2018-10-05T15:56:04-0600 - 0.00 B
2018-10-05 21:56:04.791+0000 INFO [o.n.k.i.DiagnosticsManager]   neostore.labeltokenstore.db.id: 2018-10-05T15:56:04-0600 - 9.00 B
2018-10-05 21:56:04.791+0000 INFO [o.n.k.i.DiagnosticsManager]   neostore.labeltokenstore.db.names: 2018-10-05T15:56:04-0600 - 8.00 kB
2018-10-05 21:56:04.791+0000 INFO [o.n.k.i.DiagnosticsManager]   neostore.labeltokenstore.db.names.id: 2018-10-05T15:56:04-0600 - 9.00 B
2018-10-05 21:56:04.791+0000 INFO [o.n.k.i.DiagnosticsManager]   neostore.nodestore.db: 2018-10-05T15:56:04-0600 - 0.00 B
2018-10-05 21:56:04.792+0000 INFO [o.n.k.i.DiagnosticsManager]   neostore.nodestore.db.id: 2018-10-05T15:56:04-0600 - 9.00 B
2018-10-05 21:56:04.792+0000 INFO [o.n.k.i.DiagnosticsManager]   neostore.nodestore.db.labels: 2018-10-05T15:56:04-0600 - 8.00 kB
2018-10-05 21:56:04.792+0000 INFO [o.n.k.i.DiagnosticsManager]   neostore.nodestore.db.labels.id: 2018-10-05T15:56:04-0600 - 9.00 B
2018-10-05 21:56:04.792+0000 INFO [o.n.k.i.DiagnosticsManager]   neostore.propertystore.db: 2018-10-05T15:56:04-0600 - 0.00 B
2018-10-05 21:56:04.792+0000 INFO [o.n.k.i.DiagnosticsManager]   neostore.propertystore.db.arrays: 2018-10-05T15:56:04-0600 - 8.00 kB
2018-10-05 21:56:04.793+0000 INFO [o.n.k.i.DiagnosticsManager]   neostore.propertystore.db.arrays.id: 2018-10-05T15:56:04-0600 - 9.00 B
2018-10-05 21:56:04.793+0000 INFO [o.n.k.i.DiagnosticsManager]   neostore.propertystore.db.id: 2018-10-05T15:56:04-0600 - 9.00 B
2018-10-05 21:56:04.793+0000 INFO [o.n.k.i.DiagnosticsManager]   neostore.propertystore.db.index: 2018-10-05T15:56:04-0600 - 0.00 B
2018-10-05 21:56:04.793+0000 INFO [o.n.k.i.DiagnosticsManager]   neostore.propertystore.db.index.id: 2018-10-05T15:56:04-0600 - 9.00 B
2018-10-05 21:56:04.793+0000 INFO [o.n.k.i.DiagnosticsManager]   neostore.propertystore.db.index.keys: 2018-10-05T15:56:04-0600 - 8.00 kB
2018-10-05 21:56:04.793+0000 INFO [o.n.k.i.DiagnosticsManager]   neostore.propertystore.db.index.keys.id: 2018-10-05T15:56:04-0600 - 9.00 B
2018-10-05 21:56:04.794+0000 INFO [o.n.k.i.DiagnosticsManager]   neostore.propertystore.db.strings: 2018-10-05T15:56:04-0600 - 8.00 kB
2018-10-05 21:56:04.794+0000 INFO [o.n.k.i.DiagnosticsManager]   neostore.propertystore.db.strings.id: 2018-10-05T15:56:04-0600 - 9.00 B
2018-10-05 21:56:04.794+0000 INFO [o.n.k.i.DiagnosticsManager]   neostore.relationshipgroupstore.db: 2018-10-05T15:56:04-0600 - 8.00 kB
2018-10-05 21:56:04.794+0000 INFO [o.n.k.i.DiagnosticsManager]   neostore.relationshipgroupstore.db.id: 2018-10-05T15:56:04-0600 - 9.00 B
2018-10-05 21:56:04.794+0000 INFO [o.n.k.i.DiagnosticsManager]   neostore.relationshipstore.db: 2018-10-05T15:56:04-0600 - 0.00 B
2018-10-05 21:56:04.794+0000 INFO [o.n.k.i.DiagnosticsManager]   neostore.relationshipstore.db.id: 2018-10-05T15:56:04-0600 - 9.00 B
2018-10-05 21:56:04.795+0000 INFO [o.n.k.i.DiagnosticsManager]   neostore.relationshiptypestore.db: 2018-10-05T15:56:04-0600 - 0.00 B
2018-10-05 21:56:04.795+0000 INFO [o.n.k.i.DiagnosticsManager]   neostore.relationshiptypestore.db.id: 2018-10-05T15:56:04-0600 - 9.00 B
2018-10-05 21:56:04.795+0000 INFO [o.n.k.i.DiagnosticsManager]   neostore.relationshiptypestore.db.names: 2018-10-05T15:56:04-0600 - 8.00 kB
2018-10-05 21:56:04.795+0000 INFO [o.n.k.i.DiagnosticsManager]   neostore.relationshiptypestore.db.names.id: 2018-10-05T15:56:04-0600 - 9.00 B
2018-10-05 21:56:04.795+0000 INFO [o.n.k.i.DiagnosticsManager]   neostore.schemastore.db: 2018-10-05T15:56:04-0600 - 8.00 kB
2018-10-05 21:56:04.795+0000 INFO [o.n.k.i.DiagnosticsManager]   neostore.schemastore.db.id: 2018-10-05T15:56:04-0600 - 9.00 B
2018-10-05 21:56:04.796+0000 INFO [o.n.k.i.DiagnosticsManager]   neostore.transaction.db.0: 2018-10-05T15:56:04-0600 - 16.00 B
2018-10-05 21:56:04.796+0000 INFO [o.n.k.i.DiagnosticsManager]   store_lock: 2018-10-05T15:56:04-0600 - 0.00 B
2018-10-05 21:56:04.796+0000 INFO [o.n.k.i.DiagnosticsManager] Storage summary: 
2018-10-05 21:56:04.796+0000 INFO [o.n.k.i.DiagnosticsManager]   Total size of store: 148.40 kB
2018-10-05 21:56:04.796+0000 INFO [o.n.k.i.DiagnosticsManager]   Total size of mapped files: 112.00 kB
2018-10-05 21:56:04.796+0000 INFO [o.n.k.i.DiagnosticsManager] --- STARTED diagnostics for KernelDiagnostics:StoreFiles END ---
2018-10-05 21:56:04.797+0000 INFO [o.n.k.i.f.GraphDatabaseFacadeFactory] Shutdown started
2018-10-05 21:56:04.797+0000 INFO [o.n.k.i.f.GraphDatabaseFacadeFactory] Database is now unavailable
2018-10-05 21:56:04.807+0000 INFO [o.n.k.i.t.l.c.CheckPointerImpl] Checkpoint triggered by database shutdown @ txId: 1 checkpoint started...
2018-10-05 21:56:04.816+0000 INFO [o.n.k.i.t.l.c.CheckPointerImpl] Checkpoint triggered by database shutdown @ txId: 1 checkpoint completed in 9ms
2018-10-05 21:56:04.817+0000 INFO [o.n.k.i.t.l.p.LogPruningImpl] No log version pruned, last checkpoint was made in version 0
2018-10-05 21:56:04.833+0000 INFO [o.n.k.i.DiagnosticsManager] --- STOPPING diagnostics START ---
2018-10-05 21:56:04.833+0000 INFO [o.n.k.i.DiagnosticsManager] --- STOPPING diagnostics END ---
